<?xml version="1.0" encoding="UTF-8"?>
<!-- Generated by org.testng.reporters.JUnitReportReporter -->
<testsuite hostname="DESKTOP-I4F1EIL" failures="0" tests="1" name="testCases.TC_RF_003" time="3.466" errors="0" timestamp="2025-04-21T21:57:50 IST" skipped="0">
  <testcase classname="testCases.TC_RF_003" name="register" time="3.466">
    <system-out>
      <![CDATA[Success
Logout found]]>
    </system-out>
  </testcase> <!-- register -->
  <system-out>
    <![CDATA[Success
Logout found]]>
  </system-out>
</testsuite> <!-- testCases.TC_RF_003 -->
