<?xml version="1.0" encoding="UTF-8"?>
<!-- Generated by org.testng.reporters.JUnitReportReporter -->
<testsuite hostname="DESKTOP-I4F1EIL" failures="0" tests="1" name="testCases.TC_RF_001" time="4.052" errors="0" timestamp="2025-04-15T23:24:12 IST" skipped="0">
  <testcase classname="testCases.TC_RF_001" name="register" time="4.052"/>
</testsuite> <!-- testCases.TC_RF_001 -->
